Content-Type: multipart/alternative;
 boundary="===============8335255015020061475=="
MIME-Version: 1.0
Subject: Profile activation
From: test@example.com
To: matthew.feldman@gmail.com
Date: Thu, 20 Jul 2023 19:36:17 -0000
Message-ID: <168988177704.49722.2920600668732535191@matthews-mbp.lan>

--===============8335255015020061475==
Content-Type: text/plain; charset="utf-8"
MIME-Version: 1.0
Content-Transfer-Encoding: 7bit



To activate your profile, please follow this link:

http://127.0.0.1:8000/accounts/activate/5HCP6cdZv71ZbyPKaitK/

--===============8335255015020061475==
Content-Type: text/html; charset="utf-8"
MIME-Version: 1.0
Content-Transfer-Encoding: 7bit



<!DOCTYPE html PUBLIC "-//W3C//DTD XHTML 1.0 Transitional//EN"
        "http://www.w3.org/TR/xhtml1/DTD/xhtml1-transitional.dtd">
<html xmlns="http://www.w3.org/1999/xhtml">
<head>
    <meta http-equiv="Content-Type" content="text/html; charset=UTF-8"/>
    <title>Profile activation</title>
    <meta name="viewport" content="width=device-width, initial-scale=1.0"/>
</head>

<body>

<p>
    To activate your profile, please follow this link:
</p>

<p>
    <a href="http://127.0.0.1:8000/accounts/activate/5HCP6cdZv71ZbyPKaitK/">http://127.0.0.1:8000/accounts/activate/5HCP6cdZv71ZbyPKaitK/</a>
</p>

</body>

</html>

--===============8335255015020061475==--

-------------------------------------------------------------------------------
